16:27:28 02.10.2023 BaseTest: INFO - Chrome driver object creation is starting
16:27:30 02.10.2023 BaseTest: INFO - Chrome driver object creation is successful
16:29:42 02.10.2023 BaseTest: INFO - Chrome driver object creation is starting
16:29:43 02.10.2023 BaseTest: INFO - Chrome driver object creation is successful
16:29:45 02.10.2023 GitHubTest: INFO - verifyThatLogoOnTheLoginPageIsDisplayed is starting
16:33:42 02.10.2023 BaseTest: INFO - Chrome driver object creation is starting
16:33:44 02.10.2023 BaseTest: INFO - Chrome driver object creation is successful
16:34:14 02.10.2023 BaseTest: INFO - Chrome driver object creation is starting
16:34:16 02.10.2023 BaseTest: INFO - Chrome driver object creation is successful
16:40:51 02.10.2023 BaseTest: INFO - Chrome driver object creation is starting
16:40:52 02.10.2023 BaseTest: INFO - Chrome driver object creation is successful
16:43:09 02.10.2023 BaseTest: INFO - Chrome driver object creation is starting
16:43:10 02.10.2023 BaseTest: INFO - Chrome driver object creation is successful
16:43:12 02.10.2023 LoginPage : INFO - loginSuccessful test is starting
16:43:14 02.10.2023 LoginPage : INFO - Login is successful
16:50:56 02.10.2023 BaseTest: INFO - Chrome driver object creation is starting
16:50:57 02.10.2023 BaseTest: INFO - Chrome driver object creation is successful
16:55:39 02.10.2023 BaseTest: INFO - Chrome driver object creation is starting
16:55:40 02.10.2023 BaseTest: INFO - Chrome driver object creation is successful
16:57:52 02.10.2023 BaseTest: INFO - Chrome driver object creation is starting
16:57:54 02.10.2023 BaseTest: INFO - Chrome driver object creation is successful
22:42:50 02.10.2023 BaseTest: INFO - Chrome driver object creation is starting
22:42:51 02.10.2023 BaseTest: INFO - Chrome driver object creation is successful
22:42:52 02.10.2023 GitHubTest: INFO - verifyThatLogoOnTheLoginPageIsDisplayed is starting
22:46:47 02.10.2023 BaseTest: INFO - Chrome driver object creation is starting
22:46:48 02.10.2023 BaseTest: INFO - Chrome driver object creation is successful
22:46:50 02.10.2023 BaseTest: INFO - Chrome driver object creation is starting
22:46:51 02.10.2023 BaseTest: INFO - Chrome driver object creation is successful
22:46:52 02.10.2023 LoginPage : INFO - loginSuccessful test is starting
22:46:54 02.10.2023 LoginPage : INFO - Login is successful
22:47:01 02.10.2023 BaseTest: INFO - Chrome driver object creation is starting
22:47:02 02.10.2023 BaseTest: INFO - Chrome driver object creation is successful
22:47:04 02.10.2023 LoginPage : INFO - loginSuccessful test is starting
22:47:05 02.10.2023 LoginPage : INFO - Login is successful
22:47:05 02.10.2023 BaseTest: INFO - Chrome driver object creation is starting
22:47:06 02.10.2023 BaseTest: INFO - Chrome driver object creation is successful
22:47:07 02.10.2023 GitHubTest: INFO - verifyThatLogoOnTheLoginPageIsDisplayed is starting
17:53:37 03.10.2023 BaseTest: INFO - Chrome driver object creation is starting
17:53:38 03.10.2023 BaseTest: INFO - Chrome driver object creation is successful
17:53:40 03.10.2023 BaseTest: INFO - Chrome driver object creation is starting
17:53:41 03.10.2023 BaseTest: INFO - Chrome driver object creation is successful
17:53:43 03.10.2023 LoginPage : INFO - loginSuccessful test is starting
17:53:44 03.10.2023 LoginPage : INFO - Login is successful
17:53:52 03.10.2023 BaseTest: INFO - Chrome driver object creation is starting
17:53:52 03.10.2023 BaseTest: INFO - Chrome driver object creation is successful
17:53:57 03.10.2023 LoginPage : INFO - loginSuccessful test is starting
17:53:59 03.10.2023 LoginPage : INFO - Login is successful
17:53:59 03.10.2023 BaseTest: INFO - Chrome driver object creation is starting
17:54:00 03.10.2023 BaseTest: INFO - Chrome driver object creation is successful
17:54:01 03.10.2023 GitHubTest: INFO - verifyThatLogoOnTheLoginPageIsDisplayed is starting
17:56:10 03.10.2023 BaseTest: INFO - Chrome driver object creation is starting
17:56:12 03.10.2023 BaseTest: INFO - Chrome driver object creation is successful
17:56:13 03.10.2023 LoginPage : INFO - loginSuccessful test is starting
17:56:14 03.10.2023 LoginPage : INFO - Login is successful
17:59:49 03.10.2023 BaseTest: INFO - Chrome driver object creation is starting
17:59:50 03.10.2023 BaseTest: INFO - Chrome driver object creation is successful
17:59:52 03.10.2023 LoginPage : INFO - loginSuccessful test is starting
17:59:53 03.10.2023 LoginPage : INFO - Login is successful
18:04:37 03.10.2023 BaseTest: INFO - Chrome driver object creation is starting
18:04:38 03.10.2023 BaseTest: INFO - Chrome driver object creation is successful
18:04:39 03.10.2023 LoginPage : INFO - loginSuccessful test is starting
18:04:41 03.10.2023 LoginPage : INFO - Login is successful
18:08:23 03.10.2023 BaseTest: INFO - Chrome driver object creation is starting
18:08:24 03.10.2023 BaseTest: INFO - Chrome driver object creation is successful
18:08:26 03.10.2023 BaseTest: INFO - Chrome driver object creation is starting
18:08:27 03.10.2023 BaseTest: INFO - Chrome driver object creation is successful
18:08:28 03.10.2023 LoginPage : INFO - loginSuccessful test is starting
18:08:30 03.10.2023 LoginPage : INFO - Login is successful
18:08:37 03.10.2023 BaseTest: INFO - Chrome driver object creation is starting
18:08:38 03.10.2023 BaseTest: INFO - Chrome driver object creation is successful
18:08:39 03.10.2023 LoginPage : INFO - loginSuccessful test is starting
18:08:41 03.10.2023 LoginPage : INFO - Login is successful
18:08:41 03.10.2023 BaseTest: INFO - Chrome driver object creation is starting
18:08:42 03.10.2023 BaseTest: INFO - Chrome driver object creation is successful
18:08:43 03.10.2023 GitHubTest: INFO - verifyThatLogoOnTheLoginPageIsDisplayed is starting
18:11:00 03.10.2023 BaseTest: INFO - Chrome driver object creation is starting
18:11:02 03.10.2023 BaseTest: INFO - Chrome driver object creation is successful
18:11:03 03.10.2023 LoginPage : INFO - loginSuccessful test is starting
18:11:05 03.10.2023 LoginPage : INFO - Login is successful
18:12:15 03.10.2023 BaseTest: INFO - Chrome driver object creation is starting
18:12:17 03.10.2023 BaseTest: INFO - Chrome driver object creation is successful
18:12:18 03.10.2023 LoginPage : INFO - loginSuccessful test is starting
18:12:19 03.10.2023 LoginPage : INFO - Login is successful
18:46:01 03.10.2023 BaseTest: INFO - Chrome driver object creation is starting
18:46:02 03.10.2023 BaseTest: INFO - Chrome driver object creation is successful
18:46:04 03.10.2023 BaseTest: INFO - Chrome driver object creation is starting
18:46:05 03.10.2023 BaseTest: INFO - Chrome driver object creation is successful
18:46:06 03.10.2023 LoginPage : INFO - loginSuccessful test is starting
18:46:07 03.10.2023 LoginPage : INFO - Login is successful
18:46:11 03.10.2023 BaseTest: INFO - Chrome driver object creation is starting
18:46:12 03.10.2023 BaseTest: INFO - Chrome driver object creation is successful
18:46:13 03.10.2023 LoginPage : INFO - loginSuccessful test is starting
18:46:14 03.10.2023 LoginPage : INFO - Login is successful
18:46:17 03.10.2023 BaseTest: INFO - Chrome driver object creation is starting
18:46:18 03.10.2023 BaseTest: INFO - Chrome driver object creation is successful
18:46:19 03.10.2023 GitHubTest: INFO - verifyThatLogoOnTheLoginPageIsDisplayed is starting
18:51:44 03.10.2023 BaseTest: INFO - Chrome driver object creation is starting
18:51:46 03.10.2023 BaseTest: INFO - Chrome driver object creation is successful
18:51:48 03.10.2023 BaseTest: INFO - Chrome driver object creation is starting
18:51:49 03.10.2023 BaseTest: INFO - Chrome driver object creation is successful
18:51:50 03.10.2023 LoginPage : INFO - loginSuccessful test is starting
18:51:52 03.10.2023 LoginPage : INFO - Login is successful
18:51:59 03.10.2023 BaseTest: INFO - Chrome driver object creation is starting
18:52:00 03.10.2023 BaseTest: INFO - Chrome driver object creation is successful
18:52:01 03.10.2023 LoginPage : INFO - loginSuccessful test is starting
18:52:03 03.10.2023 LoginPage : INFO - Login is successful
18:52:03 03.10.2023 BaseTest: INFO - Chrome driver object creation is starting
18:52:04 03.10.2023 BaseTest: INFO - Chrome driver object creation is successful
18:52:05 03.10.2023 GitHubTest: INFO - verifyThatLogoOnTheLoginPageIsDisplayed is starting
18:56:10 03.10.2023 BaseTest: INFO - Chrome driver object creation is starting
18:56:11 03.10.2023 BaseTest: INFO - Chrome driver object creation is successful
18:56:13 03.10.2023 BaseTest: INFO - Chrome driver object creation is starting
18:56:14 03.10.2023 BaseTest: INFO - Chrome driver object creation is successful
18:56:15 03.10.2023 LoginPage : INFO - loginSuccessful test is starting
18:56:17 03.10.2023 LoginPage : INFO - Login is successful
18:56:24 03.10.2023 BaseTest: INFO - Chrome driver object creation is starting
18:56:25 03.10.2023 BaseTest: INFO - Chrome driver object creation is successful
18:56:26 03.10.2023 LoginPage : INFO - loginSuccessful test is starting
18:56:27 03.10.2023 LoginPage : INFO - Login is successful
18:56:28 03.10.2023 BaseTest: INFO - Chrome driver object creation is starting
18:56:28 03.10.2023 BaseTest: INFO - Chrome driver object creation is successful
18:56:30 03.10.2023 GitHubTest: INFO - verifyThatLogoOnTheLoginPageIsDisplayed is starting
19:02:21 03.10.2023 BaseTest: INFO - Chrome driver object creation is starting
19:02:22 03.10.2023 BaseTest: INFO - Chrome driver object creation is successful
19:02:24 03.10.2023 BaseTest: INFO - Chrome driver object creation is starting
19:02:25 03.10.2023 BaseTest: INFO - Chrome driver object creation is successful
19:02:26 03.10.2023 LoginPage : INFO - loginSuccessful test is starting
19:02:28 03.10.2023 LoginPage : INFO - Login is successful
19:02:35 03.10.2023 BaseTest: INFO - Chrome driver object creation is starting
19:02:36 03.10.2023 BaseTest: INFO - Chrome driver object creation is successful
19:02:37 03.10.2023 LoginPage : INFO - loginSuccessful test is starting
19:02:39 03.10.2023 LoginPage : INFO - Login is successful
19:02:39 03.10.2023 BaseTest: INFO - Chrome driver object creation is starting
19:02:40 03.10.2023 BaseTest: INFO - Chrome driver object creation is successful
19:02:41 03.10.2023 GitHubTest: INFO - verifyThatLogoOnTheLoginPageIsDisplayed is starting
21:58:43 03.10.2023 BaseTest: INFO - Chrome driver object creation is starting
21:58:45 03.10.2023 BaseTest: INFO - Chrome driver object creation is successful
21:58:47 03.10.2023 BaseTest: INFO - Chrome driver object creation is starting
21:58:48 03.10.2023 BaseTest: INFO - Chrome driver object creation is successful
21:58:49 03.10.2023 LoginPage : INFO - loginSuccessful test is starting
21:58:50 03.10.2023 LoginPage : INFO - Login is successful
21:58:58 03.10.2023 BaseTest: INFO - Chrome driver object creation is starting
21:58:59 03.10.2023 BaseTest: INFO - Chrome driver object creation is successful
21:59:00 03.10.2023 LoginPage : INFO - loginSuccessful test is starting
21:59:01 03.10.2023 LoginPage : INFO - Login is successful
21:59:01 03.10.2023 BaseTest: INFO - Chrome driver object creation is starting
21:59:02 03.10.2023 BaseTest: INFO - Chrome driver object creation is successful
21:59:03 03.10.2023 GitHubTest: INFO - verifyThatLogoOnTheLoginPageIsDisplayed is starting
22:05:34 03.10.2023 BaseTest: INFO - Chrome driver object creation is starting
22:05:36 03.10.2023 BaseTest: INFO - Chrome driver object creation is successful
22:05:39 03.10.2023 BaseTest: INFO - Chrome driver object creation is starting
22:05:40 03.10.2023 BaseTest: INFO - Chrome driver object creation is successful
22:05:41 03.10.2023 LoginPage : INFO - loginSuccessful test is starting
22:05:43 03.10.2023 LoginPage : INFO - Login is successful
22:05:51 03.10.2023 BaseTest: INFO - Chrome driver object creation is starting
22:05:52 03.10.2023 BaseTest: INFO - Chrome driver object creation is successful
22:05:54 03.10.2023 LoginPage : INFO - loginSuccessful test is starting
22:05:56 03.10.2023 LoginPage : INFO - Login is successful
22:05:56 03.10.2023 BaseTest: INFO - Chrome driver object creation is starting
22:05:57 03.10.2023 BaseTest: INFO - Chrome driver object creation is successful
22:05:59 03.10.2023 GitHubTest: INFO - verifyThatLogoOnTheLoginPageIsDisplayed is starting
22:15:24 03.10.2023 BaseTest: INFO - Chrome driver object creation is starting
22:15:26 03.10.2023 BaseTest: INFO - Chrome driver object creation is successful
22:15:28 03.10.2023 GitHubTest: INFO - verifyThatLogoOnTheLoginPageIsDisplayed is starting
